2025-04-21 14:01:53.785 [bridging-deploy-6c5ff9d6b9-q2pq9] [main]  INFO  c.e.r.b.v.BridgingApp#50  Starting BridgingApp v0.0-SNAPSHOT on bridging-deploy-6c5ff9d6b9-q2pq9 with PID 12 (/home/eabhgad/app/bridging/Bridging-2.8.9.m.0-snapshot.jar started by root in /home/eabhgad/app/bridging)
2025-04-21 14:01:53.786 [bridging-deploy-6c5ff9d6b9-q2pq9] [main]  DEBUG c.e.r.b.v.BridgingApp#53  Running with Spring Boot v2.1.3.RELEASE, Spring v5.1.5.RELEASE
2025-04-21 14:01:53.786 [bridging-deploy-6c5ff9d6b9-q2pq9] [main]  INFO  c.e.r.b.v.BridgingApp#679  The following profiles are active: dev
2025-04-21 14:01:58.871 [bridging-deploy-6c5ff9d6b9-q2pq9] [main]  INFO  o.s.d.r.c.RepositoryConfigurationDelegate#126  Bootstrapping Spring Data repositories in DEFAULT mode.
2025-04-21 14:01:59.003 [bridging-deploy-6c5ff9d6b9-q2pq9] [main]  INFO  o.s.d.r.c.RepositoryConfigurationDelegate#182  Finished Spring Data repository scanning in 35ms. Found 0 repository interfaces.
2025-04-21 14:01:59.052 [bridging-deploy-6c5ff9d6b9-q2pq9] [main]  INFO  o.s.d.r.c.RepositoryConfigurationDelegate#126  Bootstrapping Spring Data repositories in DEFAULT mode.
2025-04-21 14:01:59.055 [bridging-deploy-6c5ff9d6b9-q2pq9] [main]  INFO  o.s.d.r.c.RepositoryConfigurationDelegate#182  Finished Spring Data repository scanning in 3ms. Found 0 repository interfaces.
2025-04-21 14:02:00.234 [bridging-deploy-6c5ff9d6b9-q2pq9] [main]  INFO  o.s.c.s.PostProcessorRegistrationDelegate$BeanPostProcessorChecker#330  Bean 'org.springframework.kafka.annotation.KafkaBootstrapConfiguration' of type [org.springframework.kafka.annotation.KafkaBootstrapConfiguration$$EnhancerBySpringCGLIB$$bb0ab90a] is not eligible for getting processed by all BeanPostProcessors (for example: not eligible for auto-proxying)
2025-04-21 14:02:00.388 [bridging-deploy-6c5ff9d6b9-q2pq9] [main]  INFO  o.s.c.s.PostProcessorRegistrationDelegate$BeanPostProcessorChecker#330  Bean 'org.springframework.transaction.annotation.ProxyTransactionManagementConfiguration' of type [org.springframework.transaction.annotation.ProxyTransactionManagementConfiguration$$EnhancerBySpringCGLIB$$e758a787] is not eligible for getting processed by all BeanPostProcessors (for example: not eligible for auto-proxying)
2025-04-21 14:02:00.542 [bridging-deploy-6c5ff9d6b9-q2pq9] [main]  INFO  c.e.d.b.c.c.u.IOUtils#341  Properties file loaded:/home/eabhgad/app/bridging/config/properties/bridging-dev.properties
2025-04-21 14:02:00.584 [bridging-deploy-6c5ff9d6b9-q2pq9] [main]  INFO  o.e.j.util.log#193  Logging initialized @15271ms to org.eclipse.jetty.util.log.Slf4jLog
2025-04-21 14:02:01.460 [bridging-deploy-6c5ff9d6b9-q2pq9] [main]  INFO  o.s.b.w.e.j.JettyServletWebServerFactory#143  Server initialized with port: 8989
2025-04-21 14:02:01.511 [bridging-deploy-6c5ff9d6b9-q2pq9] [main]  INFO  c.e.r.b.v.BridgingApp#124  Started endpoint [Name: Generic, Type: null, Port: 8081, Secured: false]
2025-04-21 14:02:01.513 [bridging-deploy-6c5ff9d6b9-q2pq9] [main]  INFO  c.e.r.b.v.BridgingApp#124  Started endpoint [Name: Management, Type: null, Port: 1004, Secured: false]
2025-04-21 14:02:01.514 [bridging-deploy-6c5ff9d6b9-q2pq9] [main]  INFO  c.e.r.b.v.BridgingApp#124  Started endpoint [Name: Subscription, Type: null, Port: 1003, Secured: false]
2025-04-21 14:02:01.515 [bridging-deploy-6c5ff9d6b9-q2pq9] [main]  INFO  c.e.r.b.v.BridgingApp#124  Started endpoint [Name: Lookup, Type: null, Port: 1002, Secured: false]
2025-04-21 14:02:01.558 [bridging-deploy-6c5ff9d6b9-q2pq9] [main]  INFO  o.e.j.s.Server#370  jetty-9.4.14.v20181114; built: 2018-11-14T21:20:31.478Z; git: c4550056e785fb5665914545889f21dc136ad9e6; jvm 1.8.0_212-b04
2025-04-21 14:02:01.669 [bridging-deploy-6c5ff9d6b9-q2pq9] [main]  WARN  o.e.j.s.SecurityHandler#803  null has uncovered http methods for path: /
2025-04-21 14:02:01.670 [bridging-deploy-6c5ff9d6b9-q2pq9] [main]  WARN  o.e.j.s.SecurityHandler#803  null has uncovered http methods for path: /
2025-04-21 14:02:01.671 [bridging-deploy-6c5ff9d6b9-q2pq9] [main]  WARN  o.e.j.s.SecurityHandler#803  null has uncovered http methods for path: /
2025-04-21 14:02:01.672 [bridging-deploy-6c5ff9d6b9-q2pq9] [main]  WARN  o.e.j.s.SecurityHandler#803  null has uncovered http methods for path: /
2025-04-21 14:02:01.715 [bridging-deploy-6c5ff9d6b9-q2pq9] [main]  INFO  o.e.j.s.h.C.application#2345  Initializing Spring embedded WebApplicationContext
2025-04-21 14:02:01.717 [bridging-deploy-6c5ff9d6b9-q2pq9] [main]  INFO  o.s.w.c.ContextLoader#296  Root WebApplicationContext: initialization completed in 6861 ms
2025-04-21 14:02:02.194 [bridging-deploy-6c5ff9d6b9-q2pq9] [main]  INFO  o.s.j.d.e.EmbeddedDatabaseFactory#189  Starting embedded database: url='jdbc:h2:mem:testdb;DB_CLOSE_DELAY=-1;DB_CLOSE_ON_EXIT=false', username='sa'
2025-04-21 14:02:02.970 [bridging-deploy-6c5ff9d6b9-q2pq9] [main]  INFO  c.e.d.b.c.c.u.IOUtils#341  Counters file loaded:/home/eabhgad/app/bridging/config/logback/counters.properties
2025-04-21 14:02:03.007 [bridging-deploy-6c5ff9d6b9-q2pq9] [main]  INFO  c.e.d.b.d.c.s.c.SchedulerCounterConfig#60  9 counterJobs were scheduled 
2025-04-21 14:02:03.230 [bridging-deploy-6c5ff9d6b9-q2pq9] [main]  INFO  o.q.i.StdSchedulerFactory#1208  Using default implementation for ThreadExecutor
2025-04-21 14:02:03.346 [bridging-deploy-6c5ff9d6b9-q2pq9] [main]  INFO  o.q.s.RAMJobStore#155  RAMJobStore initialized.
2025-04-21 14:02:03.373 [bridging-deploy-6c5ff9d6b9-q2pq9] [main]  INFO  o.q.i.StdSchedulerFactory#1362  Quartz scheduler 'schedulerFactoryBean' initialized from an externally provided properties instance.
2025-04-21 14:02:03.373 [bridging-deploy-6c5ff9d6b9-q2pq9] [main]  INFO  o.q.i.StdSchedulerFactory#1366  Quartz scheduler version: 2.3.0
2025-04-21 14:02:03.482 [bridging-deploy-6c5ff9d6b9-q2pq9] [main]  WARN  c.e.d.b.d.c.s.c.GenericConfiguration#34  REST generic endpoint started
2025-04-21 14:02:03.508 [bridging-deploy-6c5ff9d6b9-q2pq9] [main]  WARN  c.e.d.b.d.c.s.c.LookUpConfiguration#36  REST dblookup started
2025-04-21 14:02:03.549 [bridging-deploy-6c5ff9d6b9-q2pq9] [main]  WARN  c.e.d.b.d.c.s.c.ManagementConfiguration#34  REST management started
2025-04-21 14:02:03.559 [bridging-deploy-6c5ff9d6b9-q2pq9] [main]  WARN  c.e.d.b.d.c.s.c.SubscriptionConfiguration#34  REST subscription started
2025-04-21 14:02:04.330 [bridging-deploy-6c5ff9d6b9-q2pq9] [main]  INFO  o.e.j.s.session#365  DefaultSessionIdManager workerName=node0
2025-04-21 14:02:04.330 [bridging-deploy-6c5ff9d6b9-q2pq9] [main]  INFO  o.e.j.s.session#370  No SessionScavenger set, using defaults
2025-04-21 14:02:04.384 [bridging-deploy-6c5ff9d6b9-q2pq9] [main]  INFO  o.e.j.s.session#149  node0 Scavenging every 600000ms
2025-04-21 14:02:04.407 [bridging-deploy-6c5ff9d6b9-q2pq9] [main]  INFO  o.e.j.s.h.ContextHandler#855  Started o.s.b.w.e.j.JettyEmbeddedWebAppContext@4f32a3ad{application,/,[file:///tmp/jetty-docbase.4669684963100998975.8989/],AVAILABLE}
2025-04-21 14:02:04.477 [bridging-deploy-6c5ff9d6b9-q2pq9] [main]  INFO  o.e.j.s.Server#407  Started @19163ms
2025-04-21 14:02:04.562 [bridging-deploy-6c5ff9d6b9-q2pq9] [main]  INFO  c.e.d.b.d.c.c.InterfacesConfigurationLoader#341  Loading dispatcher configuration interfaces.
2025-04-21 14:02:04.670 [bridging-deploy-6c5ff9d6b9-q2pq9] [main]  INFO  c.e.d.b.c.c.c.GenericConfigurationLoader#341  Reading configuration files from: /home/eabhgad/app/bridging/config/interfaces/
2025-04-21 14:02:04.691 [bridging-deploy-6c5ff9d6b9-q2pq9] [main]  INFO  c.e.d.b.c.c.c.GenericConfigurationLoader#341  ------ Dispatcher interfaces configurations files to be upload: -------
2025-04-21 14:02:04.691 [bridging-deploy-6c5ff9d6b9-q2pq9] [main]  INFO  c.e.d.b.c.c.c.GenericConfigurationLoader#341  Loading interface configuration from file: MigrateCustomer
2025-04-21 14:02:04.692 [bridging-deploy-6c5ff9d6b9-q2pq9] [main]  INFO  c.e.d.b.c.c.c.GenericConfigurationLoader#341  Loading interface configuration from file: commons
2025-04-21 14:02:04.731 [bridging-deploy-6c5ff9d6b9-q2pq9] [main]  INFO  c.e.d.b.c.c.c.GenericConfigurationLoader#341  Loading interface configuration from file: MessageBroker
2025-04-21 14:02:04.731 [bridging-deploy-6c5ff9d6b9-q2pq9] [main]  INFO  c.e.d.b.c.c.c.GenericConfigurationLoader#341  Loading interface configuration from file: SoapReadDbLookup.xml
2025-04-21 14:02:04.732 [bridging-deploy-6c5ff9d6b9-q2pq9] [main]  INFO  c.e.d.b.c.c.c.GenericConfigurationLoader#341  Loading interface configuration from file: SoapReadDbLookup
2025-04-21 14:02:04.732 [bridging-deploy-6c5ff9d6b9-q2pq9] [main]  INFO  c.e.d.b.c.c.c.GenericConfigurationLoader#341  Reading dispatcher interface from: MigrateCustomer
2025-04-21 14:02:04.776 [bridging-deploy-6c5ff9d6b9-q2pq9] [main]  WARN  c.e.d.b.c.c.c.GenericConfigurationLoader#346  The file "MigrateCustomer" is not an ".xml" file.
2025-04-21 14:02:04.776 [bridging-deploy-6c5ff9d6b9-q2pq9] [main]  INFO  c.e.d.b.c.c.c.GenericConfigurationLoader#341  Reading dispatcher interface from: commons
2025-04-21 14:02:04.781 [bridging-deploy-6c5ff9d6b9-q2pq9] [main]  WARN  c.e.d.b.c.c.c.GenericConfigurationLoader#346  The file "commons" is not an ".xml" file.
2025-04-21 14:02:04.783 [bridging-deploy-6c5ff9d6b9-q2pq9] [main]  INFO  c.e.d.b.c.c.c.GenericConfigurationLoader#341  Reading dispatcher interface from: MessageBroker
2025-04-21 14:02:04.789 [bridging-deploy-6c5ff9d6b9-q2pq9] [main]  WARN  c.e.d.b.c.c.c.GenericConfigurationLoader#346  The file "MessageBroker" is not an ".xml" file.
2025-04-21 14:02:04.793 [bridging-deploy-6c5ff9d6b9-q2pq9] [main]  INFO  c.e.d.b.c.c.c.GenericConfigurationLoader#341  Reading dispatcher interface from: SoapReadDbLookup.xml
2025-04-21 14:02:05.488 [bridging-deploy-6c5ff9d6b9-q2pq9] [main]  INFO  c.e.d.b.c.c.u.IOUtils#341  External Systems yml file loaded:/home/eabhgad/app/bridging/config/properties/external-systems.yml
2025-04-21 14:02:05.501 [bridging-deploy-6c5ff9d6b9-q2pq9] [main]  INFO  c.e.d.b.d.c.c.InterfacesConfigurationLoader#341  Uploaded configuration for interface SoapReadDbLookup with the followings arguments - Function: LOOKUP Protocol: SOAP Version: 6.0
2025-04-21 14:02:05.533 [bridging-deploy-6c5ff9d6b9-q2pq9] [main]  INFO  c.e.d.b.c.c.c.GenericConfigurationLoader#341  Reading dispatcher interface from: SoapReadDbLookup
2025-04-21 14:02:05.538 [bridging-deploy-6c5ff9d6b9-q2pq9] [main]  WARN  c.e.d.b.c.c.c.GenericConfigurationLoader#346  The file "SoapReadDbLookup" is not an ".xml" file.
2025-04-21 14:02:05.556 [bridging-deploy-6c5ff9d6b9-q2pq9] [main]  INFO  c.e.d.b.d.c.c.InterfacesConfigurationLoader#341  1 dispatcher interfaces loaded.
2025-04-21 14:02:05.556 [bridging-deploy-6c5ff9d6b9-q2pq9] [main]  INFO  c.e.d.b.d.c.j.JettyConnectorFactory#267  Starting interface [SoapReadDbLookup]
2025-04-21 14:02:05.557 [bridging-deploy-6c5ff9d6b9-q2pq9] [main]  INFO  c.e.d.b.d.c.j.JettyConnectorFactory#269  Starting Operation [LookupServiceDBLookupReadRequest] of Interface [SoapReadDbLookup] ...
2025-04-21 14:02:05.557 [bridging-deploy-6c5ff9d6b9-q2pq9] [main]  INFO  c.e.d.b.d.c.j.JettyConnectorFactory#305  Starting server on port "1010".
2025-04-21 14:02:05.566 [bridging-deploy-6c5ff9d6b9-q2pq9] [main]  INFO  o.e.j.s.Server#370  jetty-9.4.14.v20181114; built: 2018-11-14T21:20:31.478Z; git: c4550056e785fb5665914545889f21dc136ad9e6; jvm 1.8.0_212-b04
2025-04-21 14:02:05.690 [bridging-deploy-6c5ff9d6b9-q2pq9] [main]  INFO  o.e.j.s.AbstractConnector#292  Started ServerConnector@39b43d60{HTTP/1.1,[http/1.1]}{0.0.0.0:1010}
2025-04-21 14:02:05.731 [bridging-deploy-6c5ff9d6b9-q2pq9] [main]  INFO  o.e.j.s.Server#407  Started @20419ms
2025-04-21 14:02:05.732 [bridging-deploy-6c5ff9d6b9-q2pq9] [main]  INFO  c.e.d.b.d.c.j.JettyConnectorFactory#345  Server on port "1010" started.
2025-04-21 14:02:05.732 [bridging-deploy-6c5ff9d6b9-q2pq9] [main]  INFO  c.e.d.b.d.c.j.JettyConnectorFactory#464  Starting context "/bridging/accountlookup" on port "1010"
2025-04-21 14:02:05.757 [bridging-deploy-6c5ff9d6b9-q2pq9] [main]  DEBUG c.e.d.b.d.c.j.JettyConnectorFactory#514  *** Set GzipHandler ****
2025-04-21 14:02:05.757 [bridging-deploy-6c5ff9d6b9-q2pq9] [main]  WARN  o.e.j.s.ServletContextHandler#198  ServletContextHandler.setHandler should not be called directly. Use insertHandler or setSessionHandler etc.
2025-04-21 14:02:05.765 [bridging-deploy-6c5ff9d6b9-q2pq9] [main]  INFO  o.e.j.s.h.ContextHandler#855  Started o.e.j.s.ServletContextHandler@5e21e98f{/bridging/accountlookup,null,AVAILABLE}
2025-04-21 14:02:05.766 [bridging-deploy-6c5ff9d6b9-q2pq9] [main]  INFO  c.e.d.b.d.c.j.JettyConnectorFactory#473  Context "/bridging/accountlookup" on port "1010" started.
2025-04-21 14:02:05.766 [bridging-deploy-6c5ff9d6b9-q2pq9] [main]  INFO  c.e.d.b.d.c.j.JettyConnectorFactory#477  Adding operation "LookupServiceDBLookupReadRequest" to context "/bridging/accountlookup" on port "1010"
2025-04-21 14:02:05.811 [bridging-deploy-6c5ff9d6b9-q2pq9] [main]  INFO  c.e.d.b.d.c.j.JettyConnectorFactory#486  Operation "LookupServiceDBLookupReadRequest" on context "/bridging/accountlookup" and port "1010" added
2025-04-21 14:02:05.852 [bridging-deploy-6c5ff9d6b9-q2pq9] [main]  INFO  c.e.d.b.c.c.u.IOUtils#341  Scheduled jobs yml file loaded:/home/eabhgad/app/bridging/config/properties/scheduled-jobs.yml
2025-04-21 14:02:05.873 [bridging-deploy-6c5ff9d6b9-q2pq9] [main]  INFO  o.q.i.StdSchedulerFactory#1208  Using default implementation for ThreadExecutor
2025-04-21 14:02:05.873 [bridging-deploy-6c5ff9d6b9-q2pq9] [main]  INFO  o.q.s.SimpleThreadPool#268  Job execution threads will use class loader of thread: main
2025-04-21 14:02:05.881 [bridging-deploy-6c5ff9d6b9-q2pq9] [main]  INFO  o.q.s.RAMJobStore#155  RAMJobStore initialized.
2025-04-21 14:02:05.881 [bridging-deploy-6c5ff9d6b9-q2pq9] [main]  INFO  o.q.i.StdSchedulerFactory#1362  Quartz scheduler 'DefaultQuartzScheduler' initialized from default resource file in Quartz package: 'quartz.properties'
2025-04-21 14:02:05.881 [bridging-deploy-6c5ff9d6b9-q2pq9] [main]  INFO  o.q.i.StdSchedulerFactory#1366  Quartz scheduler version: 2.3.0
2025-04-21 14:02:05.905 [bridging-deploy-6c5ff9d6b9-q2pq9] [main]  DEBUG c.e.d.b.w.a.WorkflowManagerApplication#366  |          YAML Workflow Manager Latest         |
2025-04-21 14:02:05.941 [bridging-deploy-6c5ff9d6b9-q2pq9] [main]  DEBUG c.e.d.b.w.a.WorkflowManagerApplication#366  -------------------------------------------
2025-04-21 14:02:05.941 [bridging-deploy-6c5ff9d6b9-q2pq9] [main]  DEBUG c.e.d.b.w.a.WorkflowManagerApplication#366  Initializing component
2025-04-21 14:02:05.942 [bridging-deploy-6c5ff9d6b9-q2pq9] [main]  INFO  c.e.d.b.w.y.e.WFMYamlEngine#341  Loading yaml definition
2025-04-21 14:02:06.331 [bridging-deploy-6c5ff9d6b9-q2pq9] [main]  INFO  c.e.d.b.w.y.e.WFMYamlEngine#341  Yaml definition loaded
2025-04-21 14:02:06.337 [bridging-deploy-6c5ff9d6b9-q2pq9] [main]  DEBUG c.e.d.b.w.a.WorkflowManagerApplication#366  Workflow Manager component started

2025-04-21 14:02:08.859 [bridging-deploy-6c5ff9d6b9-q2pq9] [main]  DEBUG c.e.d.b.c.c.v.GroovyHandler#42  loadGroovyResources() method executed successfully.
2025-04-21 14:02:09.100 [bridging-deploy-6c5ff9d6b9-q2pq9] [main]  INFO  c.e.d.d.c.c.c.CassandraClient#341  Initializing Cassandra Cluster
2025-04-21 14:02:09.293 [bridging-deploy-6c5ff9d6b9-q2pq9] [main] INITIALIZATION_EXCEPTION ERROR c.e.d.d.c.c.c.CassandraClient#312  Exception occured while initializing connection with Cassandra. Reason:Failed to add contact point: cassandra-0.cassandra.default.svc.cluster.local
2025-04-21 14:02:09.296 [bridging-deploy-6c5ff9d6b9-q2pq9] [main]  WARN  o.s.b.w.s.c.AnnotationConfigServletWebServerApplicationContext#557  Exception encountered during context initialization - cancelling refresh attempt: org.springframework.beans.factory.UnsatisfiedDependencyException: Error creating bean with name 'dataTableManipulatorRestController': Unsatisfied dependency expressed through field 'client'; nested exception is org.springframework.beans.factory.BeanCreationException: Error creating bean with name 'cassandraClient' defined in class path resource [com/ericsson/datamigration/db/core/config/CacheConfiguration.class]: Bean instantiation via factory method failed; nested exception is org.springframework.beans.BeanInstantiationException: Failed to instantiate [com.ericsson.datamigration.db.core.cassandra.client.CassandraClient]: Factory method 'cassandraClient' threw exception; nested exception is com.ericsson.datamigration.db.core.cassandra.exception.CassandraClientException: Exception occured while initializing connection with Cassandra.
2025-04-21 14:02:09.296 [bridging-deploy-6c5ff9d6b9-q2pq9] [main]  INFO  o.s.s.q.SchedulerFactoryBean#844  Shutting down Quartz Scheduler
2025-04-21 14:02:09.297 [bridging-deploy-6c5ff9d6b9-q2pq9] [main]  INFO  o.s.j.d.e.EmbeddedDatabaseFactory#220  Shutting down embedded database: url='jdbc:h2:mem:testdb;DB_CLOSE_DELAY=-1;DB_CLOSE_ON_EXIT=false'
2025-04-21 14:02:09.320 [bridging-deploy-6c5ff9d6b9-q2pq9] [main]  INFO  o.e.j.s.session#167  node0 Stopped scavenging
2025-04-21 14:02:09.360 [bridging-deploy-6c5ff9d6b9-q2pq9] [main]  INFO  o.e.j.s.h.ContextHandler#1045  Stopped o.s.b.w.e.j.JettyEmbeddedWebAppContext@4f32a3ad{application,/,[file:///tmp/jetty-docbase.4669684963100998975.8989/],UNAVAILABLE}
2025-04-21 14:02:09.403 [bridging-deploy-6c5ff9d6b9-q2pq9] [main]  INFO  o.s.b.a.l.ConditionEvaluationReportLoggingListener#142  

Error starting ApplicationContext. To display the conditions report re-run your application with 'debug' enabled.
2025-04-21 14:02:09.415 [bridging-deploy-6c5ff9d6b9-q2pq9] [main]  ERROR o.s.b.SpringApplication#858  Application run failed
org.springframework.beans.factory.UnsatisfiedDependencyException: Error creating bean with name 'dataTableManipulatorRestController': Unsatisfied dependency expressed through field 'client'; nested exception is org.springframework.beans.factory.BeanCreationException: Error creating bean with name 'cassandraClient' defined in class path resource [com/ericsson/datamigration/db/core/config/CacheConfiguration.class]: Bean instantiation via factory method failed; nested exception is org.springframework.beans.BeanInstantiationException: Failed to instantiate [com.ericsson.datamigration.db.core.cassandra.client.CassandraClient]: Factory method 'cassandraClient' threw exception; nested exception is com.ericsson.datamigration.db.core.cassandra.exception.CassandraClientException: Exception occured while initializing connection with Cassandra.
	at org.springframework.beans.factory.annotation.AutowiredAnnotationBeanPostProcessor$AutowiredFieldElement.inject(AutowiredAnnotationBeanPostProcessor.java:596)
	at org.springframework.beans.factory.annotation.InjectionMetadata.inject(InjectionMetadata.java:90)
	at org.springframework.beans.factory.annotation.AutowiredAnnotationBeanPostProcessor.postProcessProperties(AutowiredAnnotationBeanPostProcessor.java:374)
	at org.springframework.beans.factory.support.AbstractAutowireCapableBeanFactory.populateBean(AbstractAutowireCapableBeanFactory.java:1395)
	at org.springframework.beans.factory.support.AbstractAutowireCapableBeanFactory.doCreateBean(AbstractAutowireCapableBeanFactory.java:592)
	at org.springframework.beans.factory.support.AbstractAutowireCapableBeanFactory.createBean(AbstractAutowireCapableBeanFactory.java:515)
	at org.springframework.beans.factory.support.AbstractBeanFactory.lambda$doGetBean$0(AbstractBeanFactory.java:320)
	at org.springframework.beans.factory.support.DefaultSingletonBeanRegistry.getSingleton(DefaultSingletonBeanRegistry.java:222)
	at org.springframework.beans.factory.support.AbstractBeanFactory.doGetBean(AbstractBeanFactory.java:318)
	at org.springframework.beans.factory.support.AbstractBeanFactory.getBean(AbstractBeanFactory.java:199)
	at org.springframework.beans.factory.support.DefaultListableBeanFactory.preInstantiateSingletons(DefaultListableBeanFactory.java:849)
	at org.springframework.context.support.AbstractApplicationContext.finishBeanFactoryInitialization(AbstractApplicationContext.java:877)
	at org.springframework.context.support.AbstractApplicationContext.refresh(AbstractApplicationContext.java:549)
	at org.springframework.boot.web.servlet.context.ServletWebServerApplicationContext.refresh(ServletWebServerApplicationContext.java:142)
	at org.springframework.boot.SpringApplication.refresh(SpringApplication.java:775)
	at org.springframework.boot.SpringApplication.refreshContext(SpringApplication.java:397)
	at org.springframework.boot.SpringApplication.run(SpringApplication.java:316)
	at org.springframework.boot.SpringApplication.run(SpringApplication.java:1260)
	at org.springframework.boot.SpringApplication.run(SpringApplication.java:1248)
	at com.ericsson.rm.bridging.v2.BridgingApp.main(BridgingApp.java:68)
	at sun.reflect.NativeMethodAccessorImpl.invoke0(Native Method)
	at sun.reflect.NativeMethodAccessorImpl.invoke(NativeMethodAccessorImpl.java:62)
	at sun.reflect.DelegatingMethodAccessorImpl.invoke(DelegatingMethodAccessorImpl.java:43)
	at java.lang.reflect.Method.invoke(Method.java:498)
	at org.springframework.boot.loader.MainMethodRunner.run(MainMethodRunner.java:48)
	at org.springframework.boot.loader.Launcher.launch(Launcher.java:87)
	at org.springframework.boot.loader.Launcher.launch(Launcher.java:50)
	at org.springframework.boot.loader.JarLauncher.main(JarLauncher.java:51)
Caused by: org.springframework.beans.factory.BeanCreationException: Error creating bean with name 'cassandraClient' defined in class path resource [com/ericsson/datamigration/db/core/config/CacheConfiguration.class]: Bean instantiation via factory method failed; nested exception is org.springframework.beans.BeanInstantiationException: Failed to instantiate [com.ericsson.datamigration.db.core.cassandra.client.CassandraClient]: Factory method 'cassandraClient' threw exception; nested exception is com.ericsson.datamigration.db.core.cassandra.exception.CassandraClientException: Exception occured while initializing connection with Cassandra.
	at org.springframework.beans.factory.support.ConstructorResolver.instantiate(ConstructorResolver.java:627)
	at org.springframework.beans.factory.support.ConstructorResolver.instantiateUsingFactoryMethod(ConstructorResolver.java:607)
	at org.springframework.beans.factory.support.AbstractAutowireCapableBeanFactory.instantiateUsingFactoryMethod(AbstractAutowireCapableBeanFactory.java:1305)
	at org.springframework.beans.factory.support.AbstractAutowireCapableBeanFactory.createBeanInstance(AbstractAutowireCapableBeanFactory.java:1144)
	at org.springframework.beans.factory.support.AbstractAutowireCapableBeanFactory.doCreateBean(AbstractAutowireCapableBeanFactory.java:555)
	at org.springframework.beans.factory.support.AbstractAutowireCapableBeanFactory.createBean(AbstractAutowireCapableBeanFactory.java:515)
	at org.springframework.beans.factory.support.AbstractBeanFactory.lambda$doGetBean$0(AbstractBeanFactory.java:320)
	at org.springframework.beans.factory.support.DefaultSingletonBeanRegistry.getSingleton(DefaultSingletonBeanRegistry.java:222)
	at org.springframework.beans.factory.support.AbstractBeanFactory.doGetBean(AbstractBeanFactory.java:318)
	at org.springframework.beans.factory.support.AbstractBeanFactory.getBean(AbstractBeanFactory.java:199)
	at org.springframework.beans.factory.config.DependencyDescriptor.resolveCandidate(DependencyDescriptor.java:277)
	at org.springframework.beans.factory.support.DefaultListableBeanFactory.doResolveDependency(DefaultListableBeanFactory.java:1247)
	at org.springframework.beans.factory.support.DefaultListableBeanFactory.resolveDependency(DefaultListableBeanFactory.java:1167)
	at org.springframework.beans.factory.annotation.AutowiredAnnotationBeanPostProcessor$AutowiredFieldElement.inject(AutowiredAnnotationBeanPostProcessor.java:593)
	... 27 common frames omitted
Caused by: org.springframework.beans.BeanInstantiationException: Failed to instantiate [com.ericsson.datamigration.db.core.cassandra.client.CassandraClient]: Factory method 'cassandraClient' threw exception; nested exception is com.ericsson.datamigration.db.core.cassandra.exception.CassandraClientException: Exception occured while initializing connection with Cassandra.
	at org.springframework.beans.factory.support.SimpleInstantiationStrategy.instantiate(SimpleInstantiationStrategy.java:185)
	at org.springframework.beans.factory.support.ConstructorResolver.instantiate(ConstructorResolver.java:622)
	... 40 common frames omitted
Caused by: com.ericsson.datamigration.db.core.cassandra.exception.CassandraClientException: Exception occured while initializing connection with Cassandra.
	at com.ericsson.datamigration.db.core.cassandra.client.CassandraClient.init(CassandraClient.java:126)
	at com.ericsson.datamigration.db.core.config.CacheConfiguration.cassandraClient(CacheConfiguration.java:46)
	at com.ericsson.datamigration.db.core.config.CacheConfiguration$$EnhancerBySpringCGLIB$$75965c48.CGLIB$cassandraClient$0(<generated>)
	at com.ericsson.datamigration.db.core.config.CacheConfiguration$$EnhancerBySpringCGLIB$$75965c48$$FastClassBySpringCGLIB$$656990aa.invoke(<generated>)
	at org.springframework.cglib.proxy.MethodProxy.invokeSuper(MethodProxy.java:244)
	at org.springframework.context.annotation.ConfigurationClassEnhancer$BeanMethodInterceptor.intercept(ConfigurationClassEnhancer.java:363)
	at com.ericsson.datamigration.db.core.config.CacheConfiguration$$EnhancerBySpringCGLIB$$75965c48.cassandraClient(<generated>)
	at sun.reflect.NativeMethodAccessorImpl.invoke0(Native Method)
	at sun.reflect.NativeMethodAccessorImpl.invoke(NativeMethodAccessorImpl.java:62)
	at sun.reflect.DelegatingMethodAccessorImpl.invoke(DelegatingMethodAccessorImpl.java:43)
	at java.lang.reflect.Method.invoke(Method.java:498)
	at org.springframework.beans.factory.support.SimpleInstantiationStrategy.instantiate(SimpleInstantiationStrategy.java:154)
	... 41 common frames omitted
