2025-04-23 05:29:06.600 [bridging-deploy-b7777b89f-mhzzv] [main]  INFO  c.e.r.b.v.BridgingApp#50  Starting BridgingApp v0.0-SNAPSHOT on bridging-deploy-b7777b89f-mhzzv with PID 12 (/home/eabhgad/app/bridging/Bridging-2.8.9.m.0-snapshot.jar started by root in /home/eabhgad/app/bridging)
2025-04-23 05:29:06.604 [bridging-deploy-b7777b89f-mhzzv] [main]  DEBUG c.e.r.b.v.BridgingApp#53  Running with Spring Boot v2.1.3.RELEASE, Spring v5.1.5.RELEASE
2025-04-23 05:29:06.605 [bridging-deploy-b7777b89f-mhzzv] [main]  INFO  c.e.r.b.v.BridgingApp#679  The following profiles are active: dev
2025-04-23 05:29:27.852 [bridging-deploy-b7777b89f-mhzzv] [main]  INFO  o.s.d.r.c.RepositoryConfigurationDelegate#126  Bootstrapping Spring Data repositories in DEFAULT mode.
2025-04-23 05:29:27.998 [bridging-deploy-b7777b89f-mhzzv] [main]  INFO  o.s.d.r.c.RepositoryConfigurationDelegate#182  Finished Spring Data repository scanning in 94ms. Found 0 repository interfaces.
2025-04-23 05:29:28.029 [bridging-deploy-b7777b89f-mhzzv] [main]  INFO  o.s.d.r.c.RepositoryConfigurationDelegate#126  Bootstrapping Spring Data repositories in DEFAULT mode.
2025-04-23 05:29:28.036 [bridging-deploy-b7777b89f-mhzzv] [main]  INFO  o.s.d.r.c.RepositoryConfigurationDelegate#182  Finished Spring Data repository scanning in 6ms. Found 0 repository interfaces.
2025-04-23 05:29:32.231 [bridging-deploy-b7777b89f-mhzzv] [main]  INFO  o.s.c.s.PostProcessorRegistrationDelegate$BeanPostProcessorChecker#330  Bean 'org.springframework.kafka.annotation.KafkaBootstrapConfiguration' of type [org.springframework.kafka.annotation.KafkaBootstrapConfiguration$$EnhancerBySpringCGLIB$$55b04e72] is not eligible for getting processed by all BeanPostProcessors (for example: not eligible for auto-proxying)
2025-04-23 05:29:32.581 [bridging-deploy-b7777b89f-mhzzv] [main]  INFO  o.s.c.s.PostProcessorRegistrationDelegate$BeanPostProcessorChecker#330  Bean 'org.springframework.transaction.annotation.ProxyTransactionManagementConfiguration' of type [org.springframework.transaction.annotation.ProxyTransactionManagementConfiguration$$EnhancerBySpringCGLIB$$81fe3cef] is not eligible for getting processed by all BeanPostProcessors (for example: not eligible for auto-proxying)
2025-04-23 05:29:32.961 [bridging-deploy-b7777b89f-mhzzv] [main]  INFO  c.e.d.b.c.c.u.IOUtils#341  Properties file loaded:/home/eabhgad/app/bridging/config/properties/bridging-dev.properties
2025-04-23 05:29:33.094 [bridging-deploy-b7777b89f-mhzzv] [main]  INFO  o.e.j.util.log#193  Logging initialized @53217ms to org.eclipse.jetty.util.log.Slf4jLog
2025-04-23 05:29:35.474 [bridging-deploy-b7777b89f-mhzzv] [main]  INFO  o.s.b.w.e.j.JettyServletWebServerFactory#143  Server initialized with port: 8989
2025-04-23 05:29:35.575 [bridging-deploy-b7777b89f-mhzzv] [main]  INFO  c.e.r.b.v.BridgingApp#124  Started endpoint [Name: Generic, Type: null, Port: 8081, Secured: false]
2025-04-23 05:29:35.632 [bridging-deploy-b7777b89f-mhzzv] [main]  INFO  c.e.r.b.v.BridgingApp#124  Started endpoint [Name: Management, Type: null, Port: 1004, Secured: false]
2025-04-23 05:29:35.698 [bridging-deploy-b7777b89f-mhzzv] [main]  INFO  c.e.r.b.v.BridgingApp#124  Started endpoint [Name: Subscription, Type: null, Port: 1003, Secured: false]
2025-04-23 05:29:35.701 [bridging-deploy-b7777b89f-mhzzv] [main]  INFO  c.e.r.b.v.BridgingApp#124  Started endpoint [Name: Lookup, Type: null, Port: 1002, Secured: false]
2025-04-23 05:29:35.757 [bridging-deploy-b7777b89f-mhzzv] [main]  INFO  o.e.j.s.Server#370  jetty-9.4.14.v20181114; built: 2018-11-14T21:20:31.478Z; git: c4550056e785fb5665914545889f21dc136ad9e6; jvm 1.8.0_212-b04
2025-04-23 05:29:36.168 [bridging-deploy-b7777b89f-mhzzv] [main]  WARN  o.e.j.s.SecurityHandler#803  null has uncovered http methods for path: /
2025-04-23 05:29:36.174 [bridging-deploy-b7777b89f-mhzzv] [main]  WARN  o.e.j.s.SecurityHandler#803  null has uncovered http methods for path: /
2025-04-23 05:29:36.176 [bridging-deploy-b7777b89f-mhzzv] [main]  WARN  o.e.j.s.SecurityHandler#803  null has uncovered http methods for path: /
2025-04-23 05:29:36.210 [bridging-deploy-b7777b89f-mhzzv] [main]  WARN  o.e.j.s.SecurityHandler#803  null has uncovered http methods for path: /
2025-04-23 05:29:36.331 [bridging-deploy-b7777b89f-mhzzv] [main]  INFO  o.e.j.s.h.C.application#2345  Initializing Spring embedded WebApplicationContext
2025-04-23 05:29:36.333 [bridging-deploy-b7777b89f-mhzzv] [main]  INFO  o.s.w.c.ContextLoader#296  Root WebApplicationContext: initialization completed in 26742 ms
2025-04-23 05:29:37.768 [bridging-deploy-b7777b89f-mhzzv] [main]  INFO  o.s.j.d.e.EmbeddedDatabaseFactory#189  Starting embedded database: url='jdbc:h2:mem:testdb;DB_CLOSE_DELAY=-1;DB_CLOSE_ON_EXIT=false', username='sa'
2025-04-23 05:29:39.791 [bridging-deploy-b7777b89f-mhzzv] [main]  INFO  c.e.d.b.c.c.u.IOUtils#341  Counters file loaded:/home/eabhgad/app/bridging/config/logback/counters.properties
2025-04-23 05:29:39.881 [bridging-deploy-b7777b89f-mhzzv] [main]  INFO  c.e.d.b.d.c.s.c.SchedulerCounterConfig#60  9 counterJobs were scheduled 
2025-04-23 05:29:40.047 [bridging-deploy-b7777b89f-mhzzv] [main]  INFO  o.q.i.StdSchedulerFactory#1208  Using default implementation for ThreadExecutor
2025-04-23 05:29:40.181 [bridging-deploy-b7777b89f-mhzzv] [main]  INFO  o.q.s.RAMJobStore#155  RAMJobStore initialized.
2025-04-23 05:29:40.216 [bridging-deploy-b7777b89f-mhzzv] [main]  INFO  o.q.i.StdSchedulerFactory#1362  Quartz scheduler 'schedulerFactoryBean' initialized from an externally provided properties instance.
2025-04-23 05:29:40.216 [bridging-deploy-b7777b89f-mhzzv] [main]  INFO  o.q.i.StdSchedulerFactory#1366  Quartz scheduler version: 2.3.0
2025-04-23 05:29:40.376 [bridging-deploy-b7777b89f-mhzzv] [main]  WARN  c.e.d.b.d.c.s.c.GenericConfiguration#34  REST generic endpoint started
2025-04-23 05:29:40.401 [bridging-deploy-b7777b89f-mhzzv] [main]  WARN  c.e.d.b.d.c.s.c.LookUpConfiguration#36  REST dblookup started
2025-04-23 05:29:40.466 [bridging-deploy-b7777b89f-mhzzv] [main]  WARN  c.e.d.b.d.c.s.c.ManagementConfiguration#34  REST management started
2025-04-23 05:29:40.482 [bridging-deploy-b7777b89f-mhzzv] [main]  WARN  c.e.d.b.d.c.s.c.SubscriptionConfiguration#34  REST subscription started
2025-04-23 05:29:41.724 [bridging-deploy-b7777b89f-mhzzv] [main]  INFO  o.e.j.s.session#365  DefaultSessionIdManager workerName=node0
2025-04-23 05:29:41.753 [bridging-deploy-b7777b89f-mhzzv] [main]  INFO  o.e.j.s.session#370  No SessionScavenger set, using defaults
2025-04-23 05:29:41.795 [bridging-deploy-b7777b89f-mhzzv] [main]  INFO  o.e.j.s.session#149  node0 Scavenging every 600000ms
2025-04-23 05:29:41.853 [bridging-deploy-b7777b89f-mhzzv] [main]  INFO  o.e.j.s.h.ContextHandler#855  Started o.s.b.w.e.j.JettyEmbeddedWebAppContext@4e5ed836{application,/,[file:///tmp/jetty-docbase.4167673883030107664.8989/],AVAILABLE}
2025-04-23 05:29:41.892 [bridging-deploy-b7777b89f-mhzzv] [main]  INFO  o.e.j.s.Server#407  Started @62019ms
2025-04-23 05:29:42.201 [bridging-deploy-b7777b89f-mhzzv] [main]  INFO  c.e.d.b.d.c.c.InterfacesConfigurationLoader#341  Loading dispatcher configuration interfaces.
2025-04-23 05:29:42.309 [bridging-deploy-b7777b89f-mhzzv] [main]  INFO  c.e.d.b.c.c.c.GenericConfigurationLoader#341  Reading configuration files from: /home/eabhgad/app/bridging/config/interfaces/
2025-04-23 05:29:42.322 [bridging-deploy-b7777b89f-mhzzv] [main]  INFO  c.e.d.b.c.c.c.GenericConfigurationLoader#341  ------ Dispatcher interfaces configurations files to be upload: -------
2025-04-23 05:29:42.354 [bridging-deploy-b7777b89f-mhzzv] [main]  INFO  c.e.d.b.c.c.c.GenericConfigurationLoader#341  Loading interface configuration from file: MigrateCustomer
2025-04-23 05:29:42.355 [bridging-deploy-b7777b89f-mhzzv] [main]  INFO  c.e.d.b.c.c.c.GenericConfigurationLoader#341  Loading interface configuration from file: commons
2025-04-23 05:29:42.394 [bridging-deploy-b7777b89f-mhzzv] [main]  INFO  c.e.d.b.c.c.c.GenericConfigurationLoader#341  Loading interface configuration from file: MessageBroker
2025-04-23 05:29:42.395 [bridging-deploy-b7777b89f-mhzzv] [main]  INFO  c.e.d.b.c.c.c.GenericConfigurationLoader#341  Loading interface configuration from file: SoapReadDbLookup.xml
2025-04-23 05:29:42.396 [bridging-deploy-b7777b89f-mhzzv] [main]  INFO  c.e.d.b.c.c.c.GenericConfigurationLoader#341  Loading interface configuration from file: SoapReadDbLookup
2025-04-23 05:29:42.397 [bridging-deploy-b7777b89f-mhzzv] [main]  INFO  c.e.d.b.c.c.c.GenericConfigurationLoader#341  Reading dispatcher interface from: MigrateCustomer
2025-04-23 05:29:42.440 [bridging-deploy-b7777b89f-mhzzv] [main]  WARN  c.e.d.b.c.c.c.GenericConfigurationLoader#346  The file "MigrateCustomer" is not an ".xml" file.
2025-04-23 05:29:42.442 [bridging-deploy-b7777b89f-mhzzv] [main]  INFO  c.e.d.b.c.c.c.GenericConfigurationLoader#341  Reading dispatcher interface from: commons
2025-04-23 05:29:42.451 [bridging-deploy-b7777b89f-mhzzv] [main]  WARN  c.e.d.b.c.c.c.GenericConfigurationLoader#346  The file "commons" is not an ".xml" file.
2025-04-23 05:29:42.452 [bridging-deploy-b7777b89f-mhzzv] [main]  INFO  c.e.d.b.c.c.c.GenericConfigurationLoader#341  Reading dispatcher interface from: MessageBroker
2025-04-23 05:29:42.459 [bridging-deploy-b7777b89f-mhzzv] [main]  WARN  c.e.d.b.c.c.c.GenericConfigurationLoader#346  The file "MessageBroker" is not an ".xml" file.
2025-04-23 05:29:42.461 [bridging-deploy-b7777b89f-mhzzv] [main]  INFO  c.e.d.b.c.c.c.GenericConfigurationLoader#341  Reading dispatcher interface from: SoapReadDbLookup.xml
2025-04-23 05:29:44.099 [bridging-deploy-b7777b89f-mhzzv] [main]  INFO  c.e.d.b.c.c.u.IOUtils#341  External Systems yml file loaded:/home/eabhgad/app/bridging/config/properties/external-systems.yml
2025-04-23 05:29:44.136 [bridging-deploy-b7777b89f-mhzzv] [main]  INFO  c.e.d.b.d.c.c.InterfacesConfigurationLoader#341  Uploaded configuration for interface SoapReadDbLookup with the followings arguments - Function: LOOKUP Protocol: SOAP Version: 6.0
2025-04-23 05:29:44.170 [bridging-deploy-b7777b89f-mhzzv] [main]  INFO  c.e.d.b.c.c.c.GenericConfigurationLoader#341  Reading dispatcher interface from: SoapReadDbLookup
2025-04-23 05:29:44.181 [bridging-deploy-b7777b89f-mhzzv] [main]  WARN  c.e.d.b.c.c.c.GenericConfigurationLoader#346  The file "SoapReadDbLookup" is not an ".xml" file.
2025-04-23 05:29:44.233 [bridging-deploy-b7777b89f-mhzzv] [main]  INFO  c.e.d.b.d.c.c.InterfacesConfigurationLoader#341  1 dispatcher interfaces loaded.
2025-04-23 05:29:44.237 [bridging-deploy-b7777b89f-mhzzv] [main]  INFO  c.e.d.b.d.c.j.JettyConnectorFactory#267  Starting interface [SoapReadDbLookup]
2025-04-23 05:29:44.252 [bridging-deploy-b7777b89f-mhzzv] [main]  INFO  c.e.d.b.d.c.j.JettyConnectorFactory#269  Starting Operation [LookupServiceDBLookupReadRequest] of Interface [SoapReadDbLookup] ...
2025-04-23 05:29:44.254 [bridging-deploy-b7777b89f-mhzzv] [main]  INFO  c.e.d.b.d.c.j.JettyConnectorFactory#305  Starting server on port "1010".
2025-04-23 05:29:44.276 [bridging-deploy-b7777b89f-mhzzv] [main]  INFO  o.e.j.s.Server#370  jetty-9.4.14.v20181114; built: 2018-11-14T21:20:31.478Z; git: c4550056e785fb5665914545889f21dc136ad9e6; jvm 1.8.0_212-b04
2025-04-23 05:29:44.724 [bridging-deploy-b7777b89f-mhzzv] [main]  INFO  o.e.j.s.AbstractConnector#292  Started ServerConnector@6f1c29b7{HTTP/1.1,[http/1.1]}{0.0.0.0:1010}
2025-04-23 05:29:44.764 [bridging-deploy-b7777b89f-mhzzv] [main]  INFO  o.e.j.s.Server#407  Started @64891ms
2025-04-23 05:29:44.766 [bridging-deploy-b7777b89f-mhzzv] [main]  INFO  c.e.d.b.d.c.j.JettyConnectorFactory#345  Server on port "1010" started.
2025-04-23 05:29:44.768 [bridging-deploy-b7777b89f-mhzzv] [main]  INFO  c.e.d.b.d.c.j.JettyConnectorFactory#464  Starting context "/bridging/accountlookup" on port "1010"
2025-04-23 05:29:44.923 [bridging-deploy-b7777b89f-mhzzv] [main]  DEBUG c.e.d.b.d.c.j.JettyConnectorFactory#514  *** Set GzipHandler ****
2025-04-23 05:29:44.944 [bridging-deploy-b7777b89f-mhzzv] [main]  WARN  o.e.j.s.ServletContextHandler#198  ServletContextHandler.setHandler should not be called directly. Use insertHandler or setSessionHandler etc.
2025-04-23 05:29:45.010 [bridging-deploy-b7777b89f-mhzzv] [main]  INFO  o.e.j.s.h.ContextHandler#855  Started o.e.j.s.ServletContextHandler@2a7ed1f{/bridging/accountlookup,null,AVAILABLE}
2025-04-23 05:29:45.011 [bridging-deploy-b7777b89f-mhzzv] [main]  INFO  c.e.d.b.d.c.j.JettyConnectorFactory#473  Context "/bridging/accountlookup" on port "1010" started.
2025-04-23 05:29:45.011 [bridging-deploy-b7777b89f-mhzzv] [main]  INFO  c.e.d.b.d.c.j.JettyConnectorFactory#477  Adding operation "LookupServiceDBLookupReadRequest" to context "/bridging/accountlookup" on port "1010"
2025-04-23 05:29:45.035 [bridging-deploy-b7777b89f-mhzzv] [main]  INFO  c.e.d.b.d.c.j.JettyConnectorFactory#486  Operation "LookupServiceDBLookupReadRequest" on context "/bridging/accountlookup" and port "1010" added
2025-04-23 05:29:45.222 [bridging-deploy-b7777b89f-mhzzv] [main]  INFO  c.e.d.b.c.c.u.IOUtils#341  Scheduled jobs yml file loaded:/home/eabhgad/app/bridging/config/properties/scheduled-jobs.yml
2025-04-23 05:29:45.339 [bridging-deploy-b7777b89f-mhzzv] [main]  INFO  o.q.i.StdSchedulerFactory#1208  Using default implementation for ThreadExecutor
2025-04-23 05:29:45.341 [bridging-deploy-b7777b89f-mhzzv] [main]  INFO  o.q.s.SimpleThreadPool#268  Job execution threads will use class loader of thread: main
2025-04-23 05:29:45.416 [bridging-deploy-b7777b89f-mhzzv] [main]  INFO  o.q.s.RAMJobStore#155  RAMJobStore initialized.
2025-04-23 05:29:45.420 [bridging-deploy-b7777b89f-mhzzv] [main]  INFO  o.q.i.StdSchedulerFactory#1362  Quartz scheduler 'DefaultQuartzScheduler' initialized from default resource file in Quartz package: 'quartz.properties'
2025-04-23 05:29:45.421 [bridging-deploy-b7777b89f-mhzzv] [main]  INFO  o.q.i.StdSchedulerFactory#1366  Quartz scheduler version: 2.3.0
2025-04-23 05:29:45.625 [bridging-deploy-b7777b89f-mhzzv] [main]  DEBUG c.e.d.b.w.a.WorkflowManagerApplication#366  |          YAML Workflow Manager Latest         |
2025-04-23 05:29:45.656 [bridging-deploy-b7777b89f-mhzzv] [main]  DEBUG c.e.d.b.w.a.WorkflowManagerApplication#366  -------------------------------------------
2025-04-23 05:29:45.658 [bridging-deploy-b7777b89f-mhzzv] [main]  DEBUG c.e.d.b.w.a.WorkflowManagerApplication#366  Initializing component
2025-04-23 05:29:45.660 [bridging-deploy-b7777b89f-mhzzv] [main]  INFO  c.e.d.b.w.y.e.WFMYamlEngine#341  Loading yaml definition
2025-04-23 05:29:46.576 [bridging-deploy-b7777b89f-mhzzv] [main]  INFO  c.e.d.b.w.y.e.WFMYamlEngine#341  Yaml definition loaded
2025-04-23 05:29:46.604 [bridging-deploy-b7777b89f-mhzzv] [main]  DEBUG c.e.d.b.w.a.WorkflowManagerApplication#366  Workflow Manager component started

2025-04-23 05:29:54.086 [bridging-deploy-b7777b89f-mhzzv] [main]  DEBUG c.e.d.b.c.c.v.GroovyHandler#42  loadGroovyResources() method executed successfully.
2025-04-23 05:29:54.554 [bridging-deploy-b7777b89f-mhzzv] [main]  INFO  c.e.d.d.c.c.c.CassandraClient#341  Initializing Cassandra Cluster
2025-04-23 05:29:55.091 [bridging-deploy-b7777b89f-mhzzv] [main]  WARN  c.e.d.d.c.c.c.CassandraConfig#346  Property 'max.requests.per.connection' is specified. Setting with value.
2025-04-23 05:29:55.157 [bridging-deploy-b7777b89f-mhzzv] [main]  INFO  c.e.d.d.c.c.c.CassandraClient#341  Using Password based authentication.
2025-04-23 05:29:57.741 [bridging-deploy-b7777b89f-mhzzv] [main]  INFO  c.e.d.d.c.c.c.CassandraClient#341  Check Connection with Cassandra Database
2025-04-23 05:29:57.777 [bridging-deploy-b7777b89f-mhzzv] [main]  INFO  c.e.d.d.c.c.c.CassandraClient#341  Session with Cassandra is either not initialized or it has been closed.
2025-04-23 05:29:57.779 [bridging-deploy-b7777b89f-mhzzv] [main]  INFO  c.e.d.d.c.c.c.CassandraClient#341  Initializing the Session with the Cluster.
2025-04-23 05:30:03.473 [bridging-deploy-b7777b89f-mhzzv] [cluster1-nio-worker-1]  WARN  c.d.d.c.p.RoundRobinPolicy#104  Detected request at Consistency Level LOCAL_ONE but the non-DC aware RoundRobinPolicy is in use. It is strongly advised to use DCAwareRoundRobinPolicy if you have multiple DCs/use DC-aware consistency levels (note: this message will only be logged once)
2025-04-23 05:30:03.513 [bridging-deploy-b7777b89f-mhzzv] [main]  DEBUG c.e.d.d.c.c.c.CassandraClient#366  #############
2025-04-23 05:30:03.543 [bridging-deploy-b7777b89f-mhzzv] [main]  DEBUG c.e.d.d.c.c.c.CassandraClient#366   Cassandra Cluster Configuration
2025-04-23 05:30:03.544 [bridging-deploy-b7777b89f-mhzzv] [main]  DEBUG c.e.d.d.c.c.c.CassandraClient#366  ProtocolVersion : V4
2025-04-23 05:30:03.587 [bridging-deploy-b7777b89f-mhzzv] [main]  DEBUG c.e.d.d.c.c.c.CassandraClient#366  Pool : Core Connections per host (local) : 1
2025-04-23 05:30:03.588 [bridging-deploy-b7777b89f-mhzzv] [main]  DEBUG c.e.d.d.c.c.c.CassandraClient#366  Pool : Core Connections per host (remote) : 5
2025-04-23 05:30:03.589 [bridging-deploy-b7777b89f-mhzzv] [main]  DEBUG c.e.d.d.c.c.c.CassandraClient#366  Pool : MaxConnectionsPerHost (local) : 1
2025-04-23 05:30:03.589 [bridging-deploy-b7777b89f-mhzzv] [main]  DEBUG c.e.d.d.c.c.c.CassandraClient#366  Pool : MaxConnectionsPerHost (remote) : 20
2025-04-23 05:30:03.629 [bridging-deploy-b7777b89f-mhzzv] [main]  DEBUG c.e.d.d.c.c.c.CassandraClient#366  Pool : MaxRequestsPerConnection (local) : 1024
2025-04-23 05:30:03.630 [bridging-deploy-b7777b89f-mhzzv] [main]  DEBUG c.e.d.d.c.c.c.CassandraClient#366  Pool : MaxRequestsPerConnection (remote) : 256
2025-04-23 05:30:03.632 [bridging-deploy-b7777b89f-mhzzv] [main]  DEBUG c.e.d.d.c.c.c.CassandraClient#366  Pool : HeartbeatIntervalSeconds : 30
2025-04-23 05:30:03.633 [bridging-deploy-b7777b89f-mhzzv] [main]  DEBUG c.e.d.d.c.c.c.CassandraClient#366  CL   : writeConsistencyLevel : ONE
2025-04-23 05:30:03.663 [bridging-deploy-b7777b89f-mhzzv] [main]  DEBUG c.e.d.d.c.c.c.CassandraClient#366  CL   : readConsistencyLevel : ONE
2025-04-23 05:30:03.663 [bridging-deploy-b7777b89f-mhzzv] [main]  DEBUG c.e.d.d.c.c.c.CassandraClient#366  -------------------
2025-04-23 05:30:03.740 [bridging-deploy-b7777b89f-mhzzv] [main]  DEBUG c.e.d.d.c.c.c.CassandraClient#366  No. of users :: 6
2025-04-23 05:30:03.848 [bridging-deploy-b7777b89f-mhzzv] [main]  WARN  c.e.d.d.c.c.c.CassandraConfig#346  Property 'max.requests.per.connection' is specified. Setting with value.
2025-04-23 05:30:05.729 [bridging-deploy-b7777b89f-mhzzv] [main]  WARN  o.a.i.i.u.t.G#127  Ignite work directory is not provided, automatically resolved to: /home/eabhgad/app/bridging/ignite/work
2025-04-23 05:30:06.966 [bridging-deploy-b7777b89f-mhzzv] [main]  WARN  o.a.i.i.IgniteKernal%bridging#127  Peer class loading is enabled (disable it in production for performance and deployment consistency reasons)
2025-04-23 05:30:07.006 [bridging-deploy-b7777b89f-mhzzv] [main]  WARN  o.a.i.i.IgniteKernal%bridging#127  Please set system property '-Djava.net.preferIPv4Stack=true' to avoid possible problems in mixed environments.
2025-04-23 05:30:07.134 [bridging-deploy-b7777b89f-mhzzv] [pub-#22%bridging%]  WARN  o.a.i.i.GridDiagnostic#127  Initial heap size is 94MB (should be no less than 512MB, use -Xms512m -Xmx512m).
2025-04-23 05:30:10.295 [bridging-deploy-b7777b89f-mhzzv] [main]  WARN  o.a.i.s.c.t.TcpCommunicationSpi#127  Message queue limit is set to 0 which may lead to potential OOMEs when running cache operations in FULL_ASYNC or PRIMARY_SYNC modes due to message queues growth on sender and receiver sides.
2025-04-23 05:30:10.421 [bridging-deploy-b7777b89f-mhzzv] [main]  WARN  o.a.i.s.c.n.NoopCheckpointSpi#127  Checkpoints are disabled (to enable configure any GridCheckpointSpi implementation)
2025-04-23 05:30:10.590 [bridging-deploy-b7777b89f-mhzzv] [main]  WARN  o.a.i.i.m.c.GridCollisionManager#127  Collision resolution is disabled (all jobs will be activated upon arrival).
2025-04-23 05:30:12.535 [bridging-deploy-b7777b89f-mhzzv] [main]  WARN  o.a.i.i.p.c.p.IgniteCacheDatabaseSharedManager#127  DataRegionConfiguration.maxWalArchiveSize instead DataRegionConfiguration.walHistorySize would be used for removing old archive wal files
2025-04-23 05:30:12.774 [bridging-deploy-b7777b89f-mhzzv] [main]  WARN  o.a.i.i.p.c.d.d.t.PartitionsEvictManager#127  Logging at INFO level without checking if INFO level is enabled: Evict partition permits=12
2025-04-23 05:30:13.593 [bridging-deploy-b7777b89f-mhzzv] [main]  WARN  o.a.i.i.p.q.h.IgniteH2Indexing#127  Serialization of Java objects in H2 was enabled.
2025-04-23 05:30:16.252 [bridging-deploy-b7777b89f-mhzzv] [disco-notifier-worker-#41%bridging%]  WARN  o.a.i.i.p.c.GridClusterStateProcessor#127  Logging at INFO level without checking if INFO level is enabled: Received state change finish message: true
2025-04-23 05:30:16.277 [bridging-deploy-b7777b89f-mhzzv] [main]  WARN  o.a.i.i.IgniteKernal%bridging#127  Nodes started on local machine require more than 80% of physical RAM what can lead to significant slowdown due to swapping (please decrease JVM heap size, data region size or checkpoint buffer size) [required=2602MB, available=5925MB]
2025-04-23 05:30:20.256 [bridging-deploy-b7777b89f-mhzzv] [main]  WARN  o.a.i.i.u.t.G#127  Logging at INFO level without checking if INFO level is enabled: Node started : [stage="Configure system pool" (343 ms),stage="Start managers" (3911 ms),stage="Configure binary metadata" (555 ms),stage="Start processors" (4206 ms),stage="Init metastore" (103 ms),stage="Finish recovery" (0 ms),stage="Join topology" (584 ms),stage="Await transition" (232 ms),stage="Await exchange" (3740 ms),stage="Total time" (13674 ms)]
2025-04-23 05:30:21.084 [bridging-deploy-b7777b89f-mhzzv] [exchange-worker-#43%bridging%]  WARN  o.a.i.i.p.a.GridAffinityAssignmentCache#127  Logging at INFO level without checking if INFO level is enabled: Local node affinity assignment distribution is not ideal [cache=ASYNC_PROCESS_INFO, expectedPrimary=1024.00, actualPrimary=1024, expectedBackups=1024.00, actualBackups=0, warningThreshold=50.00%]
2025-04-23 05:30:21.998 [bridging-deploy-b7777b89f-mhzzv] [main]  INFO  c.e.d.d.c.i.s.IgniteServiceServerNode#341  Ignite service started
2025-04-23 05:30:22.144 [bridging-deploy-b7777b89f-mhzzv] [main]  INFO  c.e.d.i.a.c.ImdgClient#62  class org.apache.ignite.IgniteException: Spring XML configuration path is invalid: /opt/app/config/ignite/ignite-config-te.xml. Note that this path should be either absolute or a relative local file system path, relative to META-INF in classpath or valid URL to IGNITE_HOME.
Connection attempt to an Ignite server node failed. Performing 1 retry
2025-04-23 05:30:22.208 [bridging-deploy-b7777b89f-mhzzv] [main]  INFO  c.e.d.i.a.c.ImdgClient#62  class org.apache.ignite.IgniteException: Spring XML configuration path is invalid: /opt/app/config/ignite/ignite-config-te.xml. Note that this path should be either absolute or a relative local file system path, relative to META-INF in classpath or valid URL to IGNITE_HOME.
Connection attempt to an Ignite server node failed. Performing 2 retry
2025-04-23 05:30:22.248 [bridging-deploy-b7777b89f-mhzzv] [main]  ERROR c.e.d.i.a.c.ImdgClient#59  class org.apache.ignite.IgniteException: Spring XML configuration path is invalid: /opt/app/config/ignite/ignite-config-te.xml. Note that this path should be either absolute or a relative local file system path, relative to META-INF in classpath or valid URL to IGNITE_HOME.
Unable to connect to an Ignite server node after three retries. Please check config file or server node status
2025-04-23 05:30:22.934 [bridging-deploy-b7777b89f-mhzzv] [main]  DEBUG c.e.d.d.c.i.s.IgniteServiceServerNode#366  Ignite Cache create/load=mappingCache
2025-04-23 05:30:24.236 [bridging-deploy-b7777b89f-mhzzv] [main]  DEBUG c.e.d.d.c.i.s.IgniteServiceServerNode#366  Ignite Cache create/load=authenticationCache
2025-04-23 05:30:24.864 [bridging-deploy-b7777b89f-mhzzv] [main]  DEBUG c.e.d.d.c.i.s.IgniteServiceServerNode#366  Ignite Cache create/load=networkidsCache
2025-04-23 05:30:25.448 [bridging-deploy-b7777b89f-mhzzv] [main]  INFO  c.e.d.d.c.i.s.IgniteServiceServerNode#341  Ignite service started and cache loaded
2025-04-23 05:30:25.567 [bridging-deploy-b7777b89f-mhzzv] [main]  INFO  c.e.d.b.d.c.s.c.DataTableManipulatorRestController#47  authorizationEnabled = true
2025-04-23 05:30:25.801 [bridging-deploy-b7777b89f-mhzzv] [main]  INFO  c.e.d.b.d.c.s.r.LookupResource#47  authorizationEnabled [false], authorizationType [Basic]
2025-04-23 05:30:25.834 [bridging-deploy-b7777b89f-mhzzv] [main]  INFO  c.e.d.b.d.c.s.r.LookupXMLResource#47  authorizationEnabled [false], authorizationType [Basic]
2025-04-23 05:30:25.969 [bridging-deploy-b7777b89f-mhzzv] [main]  DEBUG c.e.d.b.c.c.c.JSONProductMappingLoader#366  loadMappingAtStartup = false
2025-04-23 05:30:25.994 [bridging-deploy-b7777b89f-mhzzv] [main]  INFO  c.e.d.b.c.c.c.JSONProductMappingLoader#341  The product mapping file will not be loaded during the application statup.
2025-04-23 05:30:26.031 [bridging-deploy-b7777b89f-mhzzv] [main]  INFO  c.e.d.b.d.c.s.r.SubscriptionResource#47  authorizationEnabled = false
2025-04-23 05:30:26.099 [bridging-deploy-b7777b89f-mhzzv] [main]  ERROR c.e.d.b.d.c.s.MessageFileReader#361  TE__SYSTEM_EXP_ BRIDGING_TE_ERR _null
2025-04-23 05:31:48.720 [bridging-deploy-b7777b89f-mhzzv] [main]  INFO  o.s.s.c.ThreadPoolTaskExecutor#171  Initializing ExecutorService
2025-04-23 05:31:48.733 [bridging-deploy-b7777b89f-mhzzv] [main]  INFO  o.s.s.c.ThreadPoolTaskExecutor#171  Initializing ExecutorService 'asyncExecutor'
2025-04-23 05:31:48.774 [bridging-deploy-b7777b89f-mhzzv] [main]  INFO  o.s.s.c.ThreadPoolTaskExecutor#171  Initializing ExecutorService
2025-04-23 05:31:48.812 [bridging-deploy-b7777b89f-mhzzv] [main]  INFO  o.s.s.c.ThreadPoolTaskExecutor#171  Initializing ExecutorService 'asyncPriorityExecutor'
2025-04-23 05:31:55.199 [bridging-deploy-b7777b89f-mhzzv] [main]  INFO  o.s.s.q.SchedulerFactoryBean#726  Starting Quartz Scheduler now
2025-04-23 05:31:55.396 [bridging-deploy-b7777b89f-mhzzv] [main]  DEBUG c.e.d.b.d.c.s.c.FiltersConfiguration$1#241  Filter 'genericPortRestriction' configured for use
2025-04-23 05:31:55.512 [bridging-deploy-b7777b89f-mhzzv] [main]  INFO  o.e.j.s.h.C.application#2345  Initializing Spring DispatcherServlet 'dispatcherServlet'
2025-04-23 05:31:55.567 [bridging-deploy-b7777b89f-mhzzv] [main]  INFO  o.s.w.s.DispatcherServlet#524  Initializing Servlet 'dispatcherServlet'
2025-04-23 05:31:55.695 [bridging-deploy-b7777b89f-mhzzv] [main]  INFO  o.s.w.s.DispatcherServlet#546  Completed initialization in 85 ms
2025-04-23 05:31:55.893 [bridging-deploy-b7777b89f-mhzzv] [main]  INFO  o.e.j.s.AbstractConnector#292  Started ServerConnector@c9d82f9{HTTP/1.1,[http/1.1]}{0.0.0.0:8989}
2025-04-23 05:31:55.981 [bridging-deploy-b7777b89f-mhzzv] [main]  INFO  o.e.j.s.AbstractConnector#292  Started NetworkTrafficServerConnector@6f012914{HTTP/1.1,[http/1.1]}{0.0.0.0:8081}
2025-04-23 05:31:56.071 [bridging-deploy-b7777b89f-mhzzv] [main]  INFO  o.e.j.s.AbstractConnector#292  Started NetworkTrafficServerConnector@18fdb6cf{HTTP/1.1,[http/1.1]}{0.0.0.0:1004}
2025-04-23 05:31:56.095 [bridging-deploy-b7777b89f-mhzzv] [main]  INFO  o.e.j.s.AbstractConnector#292  Started NetworkTrafficServerConnector@d02f8d{HTTP/1.1,[http/1.1]}{0.0.0.0:1003}
2025-04-23 05:31:56.180 [bridging-deploy-b7777b89f-mhzzv] [main]  INFO  o.e.j.s.AbstractConnector#292  Started NetworkTrafficServerConnector@60baef24{HTTP/1.1,[http/1.1]}{0.0.0.0:1002}
2025-04-23 05:31:56.187 [bridging-deploy-b7777b89f-mhzzv] [main]  INFO  o.s.b.w.e.j.JettyWebServer#159  Jetty started on port(s) 8989 (http/1.1), 8081 (http/1.1), 1004 (http/1.1), 1003 (http/1.1), 1002 (http/1.1) with context path ''
2025-04-23 05:31:56.225 [bridging-deploy-b7777b89f-mhzzv] [main]  INFO  c.e.r.b.v.BridgingApp#59  Started BridgingApp in 181.139 seconds (JVM running for 196.351)
2025-04-23 05:36:46.663 [bridging-deploy-b7777b89f-mhzzv] [jvm-pause-detector-worker]  WARN  o.a.i.i.IgniteKernal%bridging#127  Possible too long JVM pause: 909 milliseconds.
2025-04-23 05:37:11.658 [bridging-deploy-b7777b89f-mhzzv] [jvm-pause-detector-worker]  WARN  o.a.i.i.IgniteKernal%bridging#127  Possible too long JVM pause: 682 milliseconds.
2025-04-23 05:42:44.963 [bridging-deploy-b7777b89f-mhzzv] [jvm-pause-detector-worker]  WARN  o.a.i.i.IgniteKernal%bridging#127  Possible too long JVM pause: 1076 milliseconds.
2025-04-23 05:45:54.669 [bridging-deploy-b7777b89f-mhzzv] [jvm-pause-detector-worker]  WARN  o.a.i.i.IgniteKernal%bridging#127  Possible too long JVM pause: 673 milliseconds.
2025-04-23 05:56:25.963 [bridging-deploy-b7777b89f-mhzzv] [jvm-pause-detector-worker]  WARN  o.a.i.i.IgniteKernal%bridging#127  Possible too long JVM pause: 1951 milliseconds.
