2025-04-18 15:48:58.643 [bridging-deploy-6c5ff9d6b9-npc9c] [main]  INFO  c.e.r.b.v.BridgingApp#50  Starting BridgingApp v0.0-SNAPSHOT on bridging-deploy-6c5ff9d6b9-npc9c with PID 12 (/home/eabhgad/app/bridging/Bridging-2.8.9.m.0-snapshot.jar started by root in /home/eabhgad/app/bridging)
2025-04-18 15:48:58.643 [bridging-deploy-6c5ff9d6b9-npc9c] [main]  DEBUG c.e.r.b.v.BridgingApp#53  Running with Spring Boot v2.1.3.RELEASE, Spring v5.1.5.RELEASE
2025-04-18 15:48:58.646 [bridging-deploy-6c5ff9d6b9-npc9c] [main]  INFO  c.e.r.b.v.BridgingApp#679  The following profiles are active: dev
2025-04-18 15:49:04.776 [bridging-deploy-6c5ff9d6b9-npc9c] [main]  INFO  o.s.d.r.c.RepositoryConfigurationDelegate#126  Bootstrapping Spring Data repositories in DEFAULT mode.
2025-04-18 15:49:04.843 [bridging-deploy-6c5ff9d6b9-npc9c] [main]  INFO  o.s.d.r.c.RepositoryConfigurationDelegate#182  Finished Spring Data repository scanning in 47ms. Found 0 repository interfaces.
2025-04-18 15:49:04.898 [bridging-deploy-6c5ff9d6b9-npc9c] [main]  INFO  o.s.d.r.c.RepositoryConfigurationDelegate#126  Bootstrapping Spring Data repositories in DEFAULT mode.
2025-04-18 15:49:04.904 [bridging-deploy-6c5ff9d6b9-npc9c] [main]  INFO  o.s.d.r.c.RepositoryConfigurationDelegate#182  Finished Spring Data repository scanning in 4ms. Found 0 repository interfaces.
2025-04-18 15:49:06.675 [bridging-deploy-6c5ff9d6b9-npc9c] [main]  INFO  o.s.c.s.PostProcessorRegistrationDelegate$BeanPostProcessorChecker#330  Bean 'org.springframework.kafka.annotation.KafkaBootstrapConfiguration' of type [org.springframework.kafka.annotation.KafkaBootstrapConfiguration$$EnhancerBySpringCGLIB$$987fb705] is not eligible for getting processed by all BeanPostProcessors (for example: not eligible for auto-proxying)
2025-04-18 15:49:06.859 [bridging-deploy-6c5ff9d6b9-npc9c] [main]  INFO  o.s.c.s.PostProcessorRegistrationDelegate$BeanPostProcessorChecker#330  Bean 'org.springframework.transaction.annotation.ProxyTransactionManagementConfiguration' of type [org.springframework.transaction.annotation.ProxyTransactionManagementConfiguration$$EnhancerBySpringCGLIB$$c4cda582] is not eligible for getting processed by all BeanPostProcessors (for example: not eligible for auto-proxying)
2025-04-18 15:49:07.038 [bridging-deploy-6c5ff9d6b9-npc9c] [main]  INFO  c.e.d.b.c.c.u.IOUtils#341  Properties file loaded:/home/eabhgad/app/bridging/config/properties/bridging-dev.properties
2025-04-18 15:49:07.087 [bridging-deploy-6c5ff9d6b9-npc9c] [main]  INFO  o.e.j.util.log#193  Logging initialized @15538ms to org.eclipse.jetty.util.log.Slf4jLog
2025-04-18 15:49:08.167 [bridging-deploy-6c5ff9d6b9-npc9c] [main]  INFO  o.s.b.w.e.j.JettyServletWebServerFactory#143  Server initialized with port: 8989
2025-04-18 15:49:08.201 [bridging-deploy-6c5ff9d6b9-npc9c] [main]  INFO  c.e.r.b.v.BridgingApp#124  Started endpoint [Name: Generic, Type: null, Port: 8081, Secured: false]
2025-04-18 15:49:08.204 [bridging-deploy-6c5ff9d6b9-npc9c] [main]  INFO  c.e.r.b.v.BridgingApp#124  Started endpoint [Name: Management, Type: null, Port: 1004, Secured: false]
2025-04-18 15:49:08.205 [bridging-deploy-6c5ff9d6b9-npc9c] [main]  INFO  c.e.r.b.v.BridgingApp#124  Started endpoint [Name: Subscription, Type: null, Port: 1003, Secured: false]
2025-04-18 15:49:08.207 [bridging-deploy-6c5ff9d6b9-npc9c] [main]  INFO  c.e.r.b.v.BridgingApp#124  Started endpoint [Name: Lookup, Type: null, Port: 1002, Secured: false]
2025-04-18 15:49:08.230 [bridging-deploy-6c5ff9d6b9-npc9c] [main]  INFO  o.e.j.s.Server#370  jetty-9.4.14.v20181114; built: 2018-11-14T21:20:31.478Z; git: c4550056e785fb5665914545889f21dc136ad9e6; jvm 1.8.0_212-b04
2025-04-18 15:49:08.425 [bridging-deploy-6c5ff9d6b9-npc9c] [main]  WARN  o.e.j.s.SecurityHandler#803  null has uncovered http methods for path: /
2025-04-18 15:49:08.428 [bridging-deploy-6c5ff9d6b9-npc9c] [main]  WARN  o.e.j.s.SecurityHandler#803  null has uncovered http methods for path: /
2025-04-18 15:49:08.429 [bridging-deploy-6c5ff9d6b9-npc9c] [main]  WARN  o.e.j.s.SecurityHandler#803  null has uncovered http methods for path: /
2025-04-18 15:49:08.431 [bridging-deploy-6c5ff9d6b9-npc9c] [main]  WARN  o.e.j.s.SecurityHandler#803  null has uncovered http methods for path: /
2025-04-18 15:49:08.491 [bridging-deploy-6c5ff9d6b9-npc9c] [main]  INFO  o.e.j.s.h.C.application#2345  Initializing Spring embedded WebApplicationContext
2025-04-18 15:49:08.493 [bridging-deploy-6c5ff9d6b9-npc9c] [main]  INFO  o.s.w.c.ContextLoader#296  Root WebApplicationContext: initialization completed in 8669 ms
2025-04-18 15:49:09.128 [bridging-deploy-6c5ff9d6b9-npc9c] [main]  INFO  o.s.j.d.e.EmbeddedDatabaseFactory#189  Starting embedded database: url='jdbc:h2:mem:testdb;DB_CLOSE_DELAY=-1;DB_CLOSE_ON_EXIT=false', username='sa'
2025-04-18 15:49:10.113 [bridging-deploy-6c5ff9d6b9-npc9c] [main]  INFO  c.e.d.b.c.c.u.IOUtils#341  Counters file loaded:/home/eabhgad/app/bridging/config/logback/counters.properties
2025-04-18 15:49:10.159 [bridging-deploy-6c5ff9d6b9-npc9c] [main]  INFO  c.e.d.b.d.c.s.c.SchedulerCounterConfig#60  9 counterJobs were scheduled 
2025-04-18 15:49:10.262 [bridging-deploy-6c5ff9d6b9-npc9c] [main]  INFO  o.q.i.StdSchedulerFactory#1208  Using default implementation for ThreadExecutor
2025-04-18 15:49:10.328 [bridging-deploy-6c5ff9d6b9-npc9c] [main]  INFO  o.q.s.RAMJobStore#155  RAMJobStore initialized.
2025-04-18 15:49:10.348 [bridging-deploy-6c5ff9d6b9-npc9c] [main]  INFO  o.q.i.StdSchedulerFactory#1362  Quartz scheduler 'schedulerFactoryBean' initialized from an externally provided properties instance.
2025-04-18 15:49:10.349 [bridging-deploy-6c5ff9d6b9-npc9c] [main]  INFO  o.q.i.StdSchedulerFactory#1366  Quartz scheduler version: 2.3.0
2025-04-18 15:49:10.431 [bridging-deploy-6c5ff9d6b9-npc9c] [main]  WARN  c.e.d.b.d.c.s.c.GenericConfiguration#34  REST generic endpoint started
2025-04-18 15:49:10.467 [bridging-deploy-6c5ff9d6b9-npc9c] [main]  WARN  c.e.d.b.d.c.s.c.LookUpConfiguration#36  REST dblookup started
2025-04-18 15:49:10.497 [bridging-deploy-6c5ff9d6b9-npc9c] [main]  WARN  c.e.d.b.d.c.s.c.ManagementConfiguration#34  REST management started
2025-04-18 15:49:10.505 [bridging-deploy-6c5ff9d6b9-npc9c] [main]  WARN  c.e.d.b.d.c.s.c.SubscriptionConfiguration#34  REST subscription started
2025-04-18 15:49:11.183 [bridging-deploy-6c5ff9d6b9-npc9c] [main]  INFO  o.e.j.s.session#365  DefaultSessionIdManager workerName=node0
2025-04-18 15:49:11.185 [bridging-deploy-6c5ff9d6b9-npc9c] [main]  INFO  o.e.j.s.session#370  No SessionScavenger set, using defaults
2025-04-18 15:49:11.209 [bridging-deploy-6c5ff9d6b9-npc9c] [main]  INFO  o.e.j.s.session#149  node0 Scavenging every 600000ms
2025-04-18 15:49:11.251 [bridging-deploy-6c5ff9d6b9-npc9c] [main]  INFO  o.e.j.s.h.ContextHandler#855  Started o.s.b.w.e.j.JettyEmbeddedWebAppContext@38467116{application,/,[file:///tmp/jetty-docbase.7703223371943739712.8989/],AVAILABLE}
2025-04-18 15:49:11.253 [bridging-deploy-6c5ff9d6b9-npc9c] [main]  INFO  o.e.j.s.Server#407  Started @19703ms
2025-04-18 15:49:11.389 [bridging-deploy-6c5ff9d6b9-npc9c] [main]  INFO  c.e.d.b.d.c.c.InterfacesConfigurationLoader#341  Loading dispatcher configuration interfaces.
2025-04-18 15:49:11.452 [bridging-deploy-6c5ff9d6b9-npc9c] [main]  INFO  c.e.d.b.c.c.c.GenericConfigurationLoader#341  Reading configuration files from: /home/eabhgad/app/bridging/config/interfaces/
2025-04-18 15:49:11.457 [bridging-deploy-6c5ff9d6b9-npc9c] [main]  INFO  c.e.d.b.c.c.c.GenericConfigurationLoader#341  ------ Dispatcher interfaces configurations files to be upload: -------
2025-04-18 15:49:11.457 [bridging-deploy-6c5ff9d6b9-npc9c] [main]  INFO  c.e.d.b.c.c.c.GenericConfigurationLoader#341  Loading interface configuration from file: MigrateCustomer
2025-04-18 15:49:11.458 [bridging-deploy-6c5ff9d6b9-npc9c] [main]  INFO  c.e.d.b.c.c.c.GenericConfigurationLoader#341  Loading interface configuration from file: commons
2025-04-18 15:49:11.479 [bridging-deploy-6c5ff9d6b9-npc9c] [main]  INFO  c.e.d.b.c.c.c.GenericConfigurationLoader#341  Loading interface configuration from file: MessageBroker
2025-04-18 15:49:11.480 [bridging-deploy-6c5ff9d6b9-npc9c] [main]  INFO  c.e.d.b.c.c.c.GenericConfigurationLoader#341  Loading interface configuration from file: SoapReadDbLookup.xml
2025-04-18 15:49:11.480 [bridging-deploy-6c5ff9d6b9-npc9c] [main]  INFO  c.e.d.b.c.c.c.GenericConfigurationLoader#341  Loading interface configuration from file: SoapReadDbLookup
2025-04-18 15:49:11.480 [bridging-deploy-6c5ff9d6b9-npc9c] [main]  INFO  c.e.d.b.c.c.c.GenericConfigurationLoader#341  Reading dispatcher interface from: MigrateCustomer
2025-04-18 15:49:11.500 [bridging-deploy-6c5ff9d6b9-npc9c] [main]  WARN  c.e.d.b.c.c.c.GenericConfigurationLoader#346  The file "MigrateCustomer" is not an ".xml" file.
2025-04-18 15:49:11.502 [bridging-deploy-6c5ff9d6b9-npc9c] [main]  INFO  c.e.d.b.c.c.c.GenericConfigurationLoader#341  Reading dispatcher interface from: commons
2025-04-18 15:49:11.504 [bridging-deploy-6c5ff9d6b9-npc9c] [main]  WARN  c.e.d.b.c.c.c.GenericConfigurationLoader#346  The file "commons" is not an ".xml" file.
2025-04-18 15:49:11.505 [bridging-deploy-6c5ff9d6b9-npc9c] [main]  INFO  c.e.d.b.c.c.c.GenericConfigurationLoader#341  Reading dispatcher interface from: MessageBroker
2025-04-18 15:49:11.509 [bridging-deploy-6c5ff9d6b9-npc9c] [main]  WARN  c.e.d.b.c.c.c.GenericConfigurationLoader#346  The file "MessageBroker" is not an ".xml" file.
2025-04-18 15:49:11.510 [bridging-deploy-6c5ff9d6b9-npc9c] [main]  INFO  c.e.d.b.c.c.c.GenericConfigurationLoader#341  Reading dispatcher interface from: SoapReadDbLookup.xml
2025-04-18 15:49:12.273 [bridging-deploy-6c5ff9d6b9-npc9c] [main]  INFO  c.e.d.b.c.c.u.IOUtils#341  External Systems yml file loaded:/home/eabhgad/app/bridging/config/properties/external-systems.yml
2025-04-18 15:49:12.287 [bridging-deploy-6c5ff9d6b9-npc9c] [main]  INFO  c.e.d.b.d.c.c.InterfacesConfigurationLoader#341  Uploaded configuration for interface SoapReadDbLookup with the followings arguments - Function: LOOKUP Protocol: SOAP Version: 6.0
2025-04-18 15:49:12.299 [bridging-deploy-6c5ff9d6b9-npc9c] [main]  INFO  c.e.d.b.c.c.c.GenericConfigurationLoader#341  Reading dispatcher interface from: SoapReadDbLookup
2025-04-18 15:49:12.301 [bridging-deploy-6c5ff9d6b9-npc9c] [main]  WARN  c.e.d.b.c.c.c.GenericConfigurationLoader#346  The file "SoapReadDbLookup" is not an ".xml" file.
2025-04-18 15:49:12.321 [bridging-deploy-6c5ff9d6b9-npc9c] [main]  INFO  c.e.d.b.d.c.c.InterfacesConfigurationLoader#341  1 dispatcher interfaces loaded.
2025-04-18 15:49:12.322 [bridging-deploy-6c5ff9d6b9-npc9c] [main]  INFO  c.e.d.b.d.c.j.JettyConnectorFactory#267  Starting interface [SoapReadDbLookup]
2025-04-18 15:49:12.340 [bridging-deploy-6c5ff9d6b9-npc9c] [main]  INFO  c.e.d.b.d.c.j.JettyConnectorFactory#269  Starting Operation [LookupServiceDBLookupReadRequest] of Interface [SoapReadDbLookup] ...
2025-04-18 15:49:12.341 [bridging-deploy-6c5ff9d6b9-npc9c] [main]  INFO  c.e.d.b.d.c.j.JettyConnectorFactory#305  Starting server on port "1010".
2025-04-18 15:49:12.353 [bridging-deploy-6c5ff9d6b9-npc9c] [main]  INFO  o.e.j.s.Server#370  jetty-9.4.14.v20181114; built: 2018-11-14T21:20:31.478Z; git: c4550056e785fb5665914545889f21dc136ad9e6; jvm 1.8.0_212-b04
2025-04-18 15:49:12.511 [bridging-deploy-6c5ff9d6b9-npc9c] [main]  INFO  o.e.j.s.AbstractConnector#292  Started ServerConnector@7a3793c7{HTTP/1.1,[http/1.1]}{0.0.0.0:1010}
2025-04-18 15:49:12.526 [bridging-deploy-6c5ff9d6b9-npc9c] [main]  INFO  o.e.j.s.Server#407  Started @20977ms
2025-04-18 15:49:12.527 [bridging-deploy-6c5ff9d6b9-npc9c] [main]  INFO  c.e.d.b.d.c.j.JettyConnectorFactory#345  Server on port "1010" started.
2025-04-18 15:49:12.528 [bridging-deploy-6c5ff9d6b9-npc9c] [main]  INFO  c.e.d.b.d.c.j.JettyConnectorFactory#464  Starting context "/bridging/accountlookup" on port "1010"
2025-04-18 15:49:12.554 [bridging-deploy-6c5ff9d6b9-npc9c] [main]  DEBUG c.e.d.b.d.c.j.JettyConnectorFactory#514  *** Set GzipHandler ****
2025-04-18 15:49:12.555 [bridging-deploy-6c5ff9d6b9-npc9c] [main]  WARN  o.e.j.s.ServletContextHandler#198  ServletContextHandler.setHandler should not be called directly. Use insertHandler or setSessionHandler etc.
2025-04-18 15:49:12.578 [bridging-deploy-6c5ff9d6b9-npc9c] [main]  INFO  o.e.j.s.h.ContextHandler#855  Started o.e.j.s.ServletContextHandler@5456afaa{/bridging/accountlookup,null,AVAILABLE}
2025-04-18 15:49:12.579 [bridging-deploy-6c5ff9d6b9-npc9c] [main]  INFO  c.e.d.b.d.c.j.JettyConnectorFactory#473  Context "/bridging/accountlookup" on port "1010" started.
2025-04-18 15:49:12.580 [bridging-deploy-6c5ff9d6b9-npc9c] [main]  INFO  c.e.d.b.d.c.j.JettyConnectorFactory#477  Adding operation "LookupServiceDBLookupReadRequest" to context "/bridging/accountlookup" on port "1010"
2025-04-18 15:49:12.603 [bridging-deploy-6c5ff9d6b9-npc9c] [main]  INFO  c.e.d.b.d.c.j.JettyConnectorFactory#486  Operation "LookupServiceDBLookupReadRequest" on context "/bridging/accountlookup" and port "1010" added
2025-04-18 15:49:12.641 [bridging-deploy-6c5ff9d6b9-npc9c] [main]  INFO  c.e.d.b.c.c.u.IOUtils#341  Scheduled jobs yml file loaded:/home/eabhgad/app/bridging/config/properties/scheduled-jobs.yml
2025-04-18 15:49:12.659 [bridging-deploy-6c5ff9d6b9-npc9c] [main]  INFO  o.q.i.StdSchedulerFactory#1208  Using default implementation for ThreadExecutor
2025-04-18 15:49:12.660 [bridging-deploy-6c5ff9d6b9-npc9c] [main]  INFO  o.q.s.SimpleThreadPool#268  Job execution threads will use class loader of thread: main
2025-04-18 15:49:12.678 [bridging-deploy-6c5ff9d6b9-npc9c] [main]  INFO  o.q.s.RAMJobStore#155  RAMJobStore initialized.
2025-04-18 15:49:12.679 [bridging-deploy-6c5ff9d6b9-npc9c] [main]  INFO  o.q.i.StdSchedulerFactory#1362  Quartz scheduler 'DefaultQuartzScheduler' initialized from default resource file in Quartz package: 'quartz.properties'
2025-04-18 15:49:12.679 [bridging-deploy-6c5ff9d6b9-npc9c] [main]  INFO  o.q.i.StdSchedulerFactory#1366  Quartz scheduler version: 2.3.0
2025-04-18 15:49:12.735 [bridging-deploy-6c5ff9d6b9-npc9c] [main]  DEBUG c.e.d.b.w.a.WorkflowManagerApplication#366  |          YAML Workflow Manager Latest         |
2025-04-18 15:49:12.748 [bridging-deploy-6c5ff9d6b9-npc9c] [main]  DEBUG c.e.d.b.w.a.WorkflowManagerApplication#366  -------------------------------------------
2025-04-18 15:49:12.748 [bridging-deploy-6c5ff9d6b9-npc9c] [main]  DEBUG c.e.d.b.w.a.WorkflowManagerApplication#366  Initializing component
2025-04-18 15:49:12.750 [bridging-deploy-6c5ff9d6b9-npc9c] [main]  INFO  c.e.d.b.w.y.e.WFMYamlEngine#341  Loading yaml definition
2025-04-18 15:49:13.201 [bridging-deploy-6c5ff9d6b9-npc9c] [main]  INFO  c.e.d.b.w.y.e.WFMYamlEngine#341  Yaml definition loaded
2025-04-18 15:49:13.204 [bridging-deploy-6c5ff9d6b9-npc9c] [main]  DEBUG c.e.d.b.w.a.WorkflowManagerApplication#366  Workflow Manager component started

2025-04-18 15:49:16.003 [bridging-deploy-6c5ff9d6b9-npc9c] [main]  DEBUG c.e.d.b.c.c.v.GroovyHandler#42  loadGroovyResources() method executed successfully.
2025-04-18 15:49:16.287 [bridging-deploy-6c5ff9d6b9-npc9c] [main]  INFO  c.e.d.d.c.c.c.CassandraClient#341  Initializing Cassandra Cluster
2025-04-18 15:49:16.471 [bridging-deploy-6c5ff9d6b9-npc9c] [main]  WARN  c.e.d.d.c.c.c.CassandraConfig#346  Property 'max.requests.per.connection' is specified. Setting with value.
2025-04-18 15:49:16.481 [bridging-deploy-6c5ff9d6b9-npc9c] [main]  INFO  c.e.d.d.c.c.c.CassandraClient#341  Using Password based authentication.
2025-04-18 15:49:17.435 [bridging-deploy-6c5ff9d6b9-npc9c] [main]  INFO  c.e.d.d.c.c.c.CassandraClient#341  Check Connection with Cassandra Database
2025-04-18 15:49:17.448 [bridging-deploy-6c5ff9d6b9-npc9c] [main]  INFO  c.e.d.d.c.c.c.CassandraClient#341  Session with Cassandra is either not initialized or it has been closed.
2025-04-18 15:49:17.461 [bridging-deploy-6c5ff9d6b9-npc9c] [main]  INFO  c.e.d.d.c.c.c.CassandraClient#341  Initializing the Session with the Cluster.
2025-04-18 15:49:20.643 [bridging-deploy-6c5ff9d6b9-npc9c] [cluster1-nio-worker-2]  WARN  c.d.d.c.p.RoundRobinPolicy#104  Detected request at Consistency Level LOCAL_ONE but the non-DC aware RoundRobinPolicy is in use. It is strongly advised to use DCAwareRoundRobinPolicy if you have multiple DCs/use DC-aware consistency levels (note: this message will only be logged once)
2025-04-18 15:49:20.708 [bridging-deploy-6c5ff9d6b9-npc9c] [main]  DEBUG c.e.d.d.c.c.c.CassandraClient#366  #############
2025-04-18 15:49:20.724 [bridging-deploy-6c5ff9d6b9-npc9c] [main]  DEBUG c.e.d.d.c.c.c.CassandraClient#366   Cassandra Cluster Configuration
2025-04-18 15:49:20.725 [bridging-deploy-6c5ff9d6b9-npc9c] [main]  DEBUG c.e.d.d.c.c.c.CassandraClient#366  ProtocolVersion : V4
2025-04-18 15:49:20.740 [bridging-deploy-6c5ff9d6b9-npc9c] [main]  DEBUG c.e.d.d.c.c.c.CassandraClient#366  Pool : Core Connections per host (local) : 1
2025-04-18 15:49:20.741 [bridging-deploy-6c5ff9d6b9-npc9c] [main]  DEBUG c.e.d.d.c.c.c.CassandraClient#366  Pool : Core Connections per host (remote) : 5
2025-04-18 15:49:20.744 [bridging-deploy-6c5ff9d6b9-npc9c] [main]  DEBUG c.e.d.d.c.c.c.CassandraClient#366  Pool : MaxConnectionsPerHost (local) : 1
2025-04-18 15:49:20.745 [bridging-deploy-6c5ff9d6b9-npc9c] [main]  DEBUG c.e.d.d.c.c.c.CassandraClient#366  Pool : MaxConnectionsPerHost (remote) : 20
2025-04-18 15:49:20.759 [bridging-deploy-6c5ff9d6b9-npc9c] [main]  DEBUG c.e.d.d.c.c.c.CassandraClient#366  Pool : MaxRequestsPerConnection (local) : 1024
2025-04-18 15:49:20.759 [bridging-deploy-6c5ff9d6b9-npc9c] [main]  DEBUG c.e.d.d.c.c.c.CassandraClient#366  Pool : MaxRequestsPerConnection (remote) : 256
2025-04-18 15:49:20.760 [bridging-deploy-6c5ff9d6b9-npc9c] [main]  DEBUG c.e.d.d.c.c.c.CassandraClient#366  Pool : HeartbeatIntervalSeconds : 30
2025-04-18 15:49:20.760 [bridging-deploy-6c5ff9d6b9-npc9c] [main]  DEBUG c.e.d.d.c.c.c.CassandraClient#366  CL   : writeConsistencyLevel : ONE
2025-04-18 15:49:20.779 [bridging-deploy-6c5ff9d6b9-npc9c] [main]  DEBUG c.e.d.d.c.c.c.CassandraClient#366  CL   : readConsistencyLevel : ONE
2025-04-18 15:49:20.780 [bridging-deploy-6c5ff9d6b9-npc9c] [main]  DEBUG c.e.d.d.c.c.c.CassandraClient#366  -------------------
2025-04-18 15:49:20.853 [bridging-deploy-6c5ff9d6b9-npc9c] [main]  DEBUG c.e.d.d.c.c.c.CassandraClient#366  No. of users :: 6
2025-04-18 15:49:20.958 [bridging-deploy-6c5ff9d6b9-npc9c] [main]  WARN  c.e.d.d.c.c.c.CassandraConfig#346  Property 'max.requests.per.connection' is specified. Setting with value.
